Info: Starting: Create block symbol file (.bsf)
Info: qsys-generate D:\dev\FPGA-Drone\my_first_hps-fpga\Soc_system_clean\soc_system.qsys --block-symbol-file --output-directory=D:\dev\FPGA-Drone\my_first_hps-fpga\Soc_system_clean\soc_system --family="Cyclone V" --part=5CSEMA4U23C6
Progress: Loading Soc_system_clean/soc_system.qsys
Progress: Reading input file
Progress: Adding MemoryDMA [altera_avalon_sgdma 18.1]
Progress: Parameterizing module MemoryDMA
Progress: Adding clk_0 [clock_source 18.1]
Progress: Parameterizing module clk_0
Progress: Adding dma_0 [altera_avalon_dma 18.1]
Progress: Parameterizing module dma_0
Progress: Adding fpga_only_master [altera_jtag_avalon_master 18.1]
Progress: Parameterizing module fpga_only_master
Progress: Adding hps_0 [altera_hps 18.1]
Progress: Parameterizing module hps_0
Progress: Adding hps_only_master [altera_jtag_avalon_master 18.1]
Progress: Parameterizing module hps_only_master
Progress: Adding intr_capturer_0 [intr_capturer 1.0]
Progress: Parameterizing module intr_capturer_0
Progress: Adding jtag_uart [altera_avalon_jtag_uart 18.1]
Progress: Parameterizing module jtag_uart
Progress: Adding mm_clock_crossing_bridge_0 [altera_avalon_mm_clock_crossing_bridge 18.1]
Progress: Parameterizing module mm_clock_crossing_bridge_0
Progress: Adding myBus [altera_avalon_pio 18.1]
Progress: Parameterizing module myBus
Progress: Adding onchip_memory2_0 [altera_avalon_onchip_memory2 18.1]
Progress: Parameterizing module onchip_memory2_0
Progress: Adding onchip_memory2_1 [altera_avalon_onchip_memory2 18.1]
Progress: Parameterizing module onchip_memory2_1
Progress: Adding pio_led [altera_avalon_pio 18.1]
Progress: Parameterizing module pio_led
Progress: Adding pio_reg1 [altera_avalon_pio 18.1]
Progress: Parameterizing module pio_reg1
Progress: Adding pio_reg2 [altera_avalon_pio 18.1]
Progress: Parameterizing module pio_reg2
Progress: Adding pio_reg3 [altera_avalon_pio 18.1]
Progress: Parameterizing module pio_reg3
Progress: Adding pll_0 [altera_pll 18.1]
Progress: Parameterizing module pll_0
Progress: Adding sysid_qsys [altera_avalon_sysid_qsys 18.1]
Progress: Parameterizing module sysid_qsys
Progress: Adding test [altera_avalon_pio 18.1]
Progress: Parameterizing module test
Progress: Adding testOut [altera_avalon_pio 18.1]
Progress: Parameterizing module testOut
Progress: Building connections
Progress: Parameterizing connections
Progress: Validating
Progress: Done reading input file
Info: soc_system.MemoryDMA: Scatter-Gather DMA Controller will only be supported in Quartus Prime Standard Edition in the future release.
Info: soc_system.dma_0: DMA Controller will only be supported in Quartus Prime Standard Edition in the future release.
Info: soc_system.hps_0: HPS Main PLL counter settings: n = 0  m = 73
Info: soc_system.hps_0: HPS peripherial PLL counter settings: n = 0  m = 39
Warning: soc_system.hps_0: "Configuration/HPS-to-FPGA user 0 clock frequency" (desired_cfg_clk_mhz) requested 100.0 MHz, but only achieved 97.368421 MHz
Warning: soc_system.hps_0: 1 or more output clock frequencies cannot be achieved precisely, consider revising desired output clock frequencies.
Info: soc_system.jtag_uart: JTAG UART IP input clock need to be at least double (2x) the operating frequency of JTAG TCK on board
Info: soc_system.pio_reg3: PIO inputs are not hardwired in test bench. Undefined values will be read from PIO inputs during simulation.
Info: soc_system.pll_0: The legal reference clock frequency is 5.0 MHz..800.0 MHz
Info: soc_system.pll_0: Able to implement PLL with user settings
Info: soc_system.sysid_qsys: System ID is not assigned automatically. Edit the System ID parameter to provide a unique ID
Info: soc_system.sysid_qsys: Time stamp will be automatically updated when this component is generated.
Info: soc_system.testOut: PIO inputs are not hardwired in test bench. Undefined values will be read from PIO inputs during simulation.
Warning: soc_system.pll_0: pll_0.locked must be exported, or connected to a matching conduit.
Warning: soc_system.MemoryDMA: Interrupt sender MemoryDMA.csr_irq is not connected to an interrupt receiver
Warning: soc_system.dma_0: Interrupt sender dma_0.irq is not connected to an interrupt receiver
Info: qsys-generate succeeded.
Info: Finished: Create block symbol file (.bsf)
Info: 
Info: Starting: Create HDL design files for synthesis
Info: qsys-generate D:\dev\FPGA-Drone\my_first_hps-fpga\Soc_system_clean\soc_system.qsys --synthesis=VHDL --output-directory=D:\dev\FPGA-Drone\my_first_hps-fpga\Soc_system_clean\soc_system\synthesis --family="Cyclone V" --part=5CSEMA4U23C6
Progress: Loading Soc_system_clean/soc_system.qsys
Progress: Reading input file
Progress: Adding MemoryDMA [altera_avalon_sgdma 18.1]
Progress: Parameterizing module MemoryDMA
Progress: Adding clk_0 [clock_source 18.1]
Progress: Parameterizing module clk_0
Progress: Adding dma_0 [altera_avalon_dma 18.1]
Progress: Parameterizing module dma_0
Progress: Adding fpga_only_master [altera_jtag_avalon_master 18.1]
Progress: Parameterizing module fpga_only_master
Progress: Adding hps_0 [altera_hps 18.1]
Progress: Parameterizing module hps_0
Progress: Adding hps_only_master [altera_jtag_avalon_master 18.1]
Progress: Parameterizing module hps_only_master
Progress: Adding intr_capturer_0 [intr_capturer 1.0]
Progress: Parameterizing module intr_capturer_0
Progress: Adding jtag_uart [altera_avalon_jtag_uart 18.1]
Progress: Parameterizing module jtag_uart
Progress: Adding mm_clock_crossing_bridge_0 [altera_avalon_mm_clock_crossing_bridge 18.1]
Progress: Parameterizing module mm_clock_crossing_bridge_0
Progress: Adding myBus [altera_avalon_pio 18.1]
Progress: Parameterizing module myBus
Progress: Adding onchip_memory2_0 [altera_avalon_onchip_memory2 18.1]
Progress: Parameterizing module onchip_memory2_0
Progress: Adding onchip_memory2_1 [altera_avalon_onchip_memory2 18.1]
Progress: Parameterizing module onchip_memory2_1
Progress: Adding pio_led [altera_avalon_pio 18.1]
Progress: Parameterizing module pio_led
Progress: Adding pio_reg1 [altera_avalon_pio 18.1]
Progress: Parameterizing module pio_reg1
Progress: Adding pio_reg2 [altera_avalon_pio 18.1]
Progress: Parameterizing module pio_reg2
Progress: Adding pio_reg3 [altera_avalon_pio 18.1]
Progress: Parameterizing module pio_reg3
Progress: Adding pll_0 [altera_pll 18.1]
Progress: Parameterizing module pll_0
Progress: Adding sysid_qsys [altera_avalon_sysid_qsys 18.1]
Progress: Parameterizing module sysid_qsys
Progress: Adding test [altera_avalon_pio 18.1]
Progress: Parameterizing module test
Progress: Adding testOut [altera_avalon_pio 18.1]
Progress: Parameterizing module testOut
Progress: Building connections
Progress: Parameterizing connections
Progress: Validating
Progress: Done reading input file
Info: soc_system.MemoryDMA: Scatter-Gather DMA Controller will only be supported in Quartus Prime Standard Edition in the future release.
Info: soc_system.dma_0: DMA Controller will only be supported in Quartus Prime Standard Edition in the future release.
Info: soc_system.hps_0: HPS Main PLL counter settings: n = 0  m = 73
Info: soc_system.hps_0: HPS peripherial PLL counter settings: n = 0  m = 39
Warning: soc_system.hps_0: "Configuration/HPS-to-FPGA user 0 clock frequency" (desired_cfg_clk_mhz) requested 100.0 MHz, but only achieved 97.368421 MHz
Warning: soc_system.hps_0: 1 or more output clock frequencies cannot be achieved precisely, consider revising desired output clock frequencies.
Info: soc_system.jtag_uart: JTAG UART IP input clock need to be at least double (2x) the operating frequency of JTAG TCK on board
Info: soc_system.pio_reg3: PIO inputs are not hardwired in test bench. Undefined values will be read from PIO inputs during simulation.
Info: soc_system.pll_0: The legal reference clock frequency is 5.0 MHz..800.0 MHz
Info: soc_system.pll_0: Able to implement PLL with user settings
Info: soc_system.sysid_qsys: System ID is not assigned automatically. Edit the System ID parameter to provide a unique ID
Info: soc_system.sysid_qsys: Time stamp will be automatically updated when this component is generated.
Info: soc_system.testOut: PIO inputs are not hardwired in test bench. Undefined values will be read from PIO inputs during simulation.
Warning: soc_system.pll_0: pll_0.locked must be exported, or connected to a matching conduit.
Warning: soc_system.MemoryDMA: Interrupt sender MemoryDMA.csr_irq is not connected to an interrupt receiver
Warning: soc_system.dma_0: Interrupt sender dma_0.irq is not connected to an interrupt receiver
Info: soc_system: Generating soc_system "soc_system" for QUARTUS_SYNTH
Info: Interconnect is inserted between master mm_clock_crossing_bridge_0.m0 and slave myBus.s1 because the master has waitrequest signal 1 bit wide, but the slave is 0 bit wide.
Info: Interconnect is inserted between master mm_clock_crossing_bridge_0.m0 and slave myBus.s1 because the master has readdatavalid signal 1 bit wide, but the slave is 0 bit wide.
Info: Interconnect is inserted between master mm_clock_crossing_bridge_0.m0 and slave myBus.s1 because the master has burstcount signal 1 bit wide, but the slave is 0 bit wide.
Info: Interconnect is inserted between master mm_clock_crossing_bridge_0.m0 and slave myBus.s1 because the master has address signal 4 bit wide, but the slave is 2 bit wide.
Info: Interconnect is inserted between master mm_clock_crossing_bridge_0.m0 and slave myBus.s1 because the master has read signal 1 bit wide, but the slave is 0 bit wide.
Info: Interconnect is inserted between master mm_clock_crossing_bridge_0.m0 and slave myBus.s1 because the master has byteenable signal 4 bit wide, but the slave is 0 bit wide.
Info: Interconnect is inserted between master mm_clock_crossing_bridge_0.m0 and slave myBus.s1 because the master has debugaccess signal 1 bit wide, but the slave is 0 bit wide.
Warning: hps_0.f2h_irq0: Cannot connect clock for irq_mapper.sender
Warning: hps_0.f2h_irq0: Cannot connect reset for irq_mapper.sender
Warning: hps_0.f2h_irq1: Cannot connect clock for irq_mapper_001.sender
Warning: hps_0.f2h_irq1: Cannot connect reset for irq_mapper_001.sender
Info: MemoryDMA: Starting RTL generation for module 'soc_system_MemoryDMA'
Info: MemoryDMA:   Generation command is [exec D:/intelfpga_lite/18.1/quartus/bin64/perl/bin/perl.exe -I D:/intelfpga_lite/18.1/quartus/bin64/perl/lib -I D:/intelfpga_lite/18.1/quartus/sopc_builder/bin/europa -I D:/intelfpga_lite/18.1/quartus/sopc_builder/bin/perl_lib -I D:/intelfpga_lite/18.1/quartus/sopc_builder/bin -I D:/intelfpga_lite/18.1/quartus/../ip/altera/sopc_builder_ip/common -I D:/intelfpga_lite/18.1/quartus/../ip/altera/sopc_builder_ip/altera_avalon_sgdma -- D:/intelfpga_lite/18.1/quartus/../ip/altera/sopc_builder_ip/altera_avalon_sgdma/generate_rtl.pl --name=soc_system_MemoryDMA --dir=C:/Users/45EB~1/AppData/Local/Temp/alt9797_100358598563129246.dir/0148_MemoryDMA_gen/ --quartus_dir=D:/intelfpga_lite/18.1/quartus --verilog --config=C:/Users/45EB~1/AppData/Local/Temp/alt9797_100358598563129246.dir/0148_MemoryDMA_gen//soc_system_MemoryDMA_component_configuration.pl  --do_build_sim=0  ]
Info: MemoryDMA: Done RTL generation for module 'soc_system_MemoryDMA'
Info: MemoryDMA: "soc_system" instantiated altera_avalon_sgdma "MemoryDMA"
Info: dma_0: softresetEnable = 1
Info: dma_0: Starting RTL generation for module 'soc_system_dma_0'
Info: dma_0:   Generation command is [exec D:/intelFPGA_lite/18.1/quartus/bin64//perl/bin/perl.exe -I D:/intelFPGA_lite/18.1/quartus/bin64//perl/lib -I D:/intelfpga_lite/18.1/quartus/sopc_builder/bin/europa -I D:/intelfpga_lite/18.1/quartus/sopc_builder/bin/perl_lib -I D:/intelfpga_lite/18.1/quartus/sopc_builder/bin -I D:/intelfpga_lite/18.1/quartus/../ip/altera/sopc_builder_ip/common -I D:/intelfpga_lite/18.1/quartus/../ip/altera/sopc_builder_ip/altera_avalon_dma -- D:/intelfpga_lite/18.1/quartus/../ip/altera/sopc_builder_ip/altera_avalon_dma/generate_rtl.pl --name=soc_system_dma_0 --dir=C:/Users/45EB~1/AppData/Local/Temp/alt9797_100358598563129246.dir/0149_dma_0_gen/ --quartus_dir=D:/intelfpga_lite/18.1/quartus --verilog --config=C:/Users/45EB~1/AppData/Local/Temp/alt9797_100358598563129246.dir/0149_dma_0_gen//soc_system_dma_0_component_configuration.pl  --do_build_sim=0  ]
Info: dma_0: # 2024.03.16 18:24:39 (*)   soc_system_dma_0: allowing these transactions: doubleword, word, hw, byte_access
Info: dma_0: Done RTL generation for module 'soc_system_dma_0'
Info: dma_0: "soc_system" instantiated altera_avalon_dma "dma_0"
Info: fpga_only_master: "soc_system" instantiated altera_jtag_avalon_master "fpga_only_master"
Info: hps_0: "Running  for module: hps_0"
Info: hps_0: HPS Main PLL counter settings: n = 0  m = 73
Info: hps_0: HPS peripherial PLL counter settings: n = 0  m = 39
Warning: hps_0: "Configuration/HPS-to-FPGA user 0 clock frequency" (desired_cfg_clk_mhz) requested 100.0 MHz, but only achieved 97.368421 MHz
Warning: hps_0: 1 or more output clock frequencies cannot be achieved precisely, consider revising desired output clock frequencies.
Info: hps_0: "soc_system" instantiated altera_hps "hps_0"
Info: intr_capturer_0: "soc_system" instantiated intr_capturer "intr_capturer_0"
Info: jtag_uart: Starting RTL generation for module 'soc_system_jtag_uart'
Info: jtag_uart:   Generation command is [exec D:/intelfpga_lite/18.1/quartus/bin64/perl/bin/perl.exe -I D:/intelfpga_lite/18.1/quartus/bin64/perl/lib -I D:/intelfpga_lite/18.1/quartus/sopc_builder/bin/europa -I D:/intelfpga_lite/18.1/quartus/sopc_builder/bin/perl_lib -I D:/intelfpga_lite/18.1/quartus/sopc_builder/bin -I D:/intelfpga_lite/18.1/quartus/../ip/altera/sopc_builder_ip/common -I D:/intelfpga_lite/18.1/quartus/../ip/altera/sopc_builder_ip/altera_avalon_jtag_uart -- D:/intelfpga_lite/18.1/quartus/../ip/altera/sopc_builder_ip/altera_avalon_jtag_uart/generate_rtl.pl --name=soc_system_jtag_uart --dir=C:/Users/45EB~1/AppData/Local/Temp/alt9797_100358598563129246.dir/0151_jtag_uart_gen/ --quartus_dir=D:/intelfpga_lite/18.1/quartus --verilog --config=C:/Users/45EB~1/AppData/Local/Temp/alt9797_100358598563129246.dir/0151_jtag_uart_gen//soc_system_jtag_uart_component_configuration.pl  --do_build_sim=0  ]
Info: jtag_uart: Done RTL generation for module 'soc_system_jtag_uart'
Info: jtag_uart: "soc_system" instantiated altera_avalon_jtag_uart "jtag_uart"
Info: mm_clock_crossing_bridge_0: "soc_system" instantiated altera_avalon_mm_clock_crossing_bridge "mm_clock_crossing_bridge_0"
Info: myBus: Starting RTL generation for module 'soc_system_myBus'
Info: myBus:   Generation command is [exec D:/intelfpga_lite/18.1/quartus/bin64/perl/bin/perl.exe -I D:/intelfpga_lite/18.1/quartus/bin64/perl/lib -I D:/intelfpga_lite/18.1/quartus/sopc_builder/bin/europa -I D:/intelfpga_lite/18.1/quartus/sopc_builder/bin/perl_lib -I D:/intelfpga_lite/18.1/quartus/sopc_builder/bin -I D:/intelfpga_lite/18.1/quartus/../ip/altera/sopc_builder_ip/common -I D:/intelfpga_lite/18.1/quartus/../ip/altera/sopc_builder_ip/altera_avalon_pio -- D:/intelfpga_lite/18.1/quartus/../ip/altera/sopc_builder_ip/altera_avalon_pio/generate_rtl.pl --name=soc_system_myBus --dir=C:/Users/45EB~1/AppData/Local/Temp/alt9797_100358598563129246.dir/0153_myBus_gen/ --quartus_dir=D:/intelfpga_lite/18.1/quartus --verilog --config=C:/Users/45EB~1/AppData/Local/Temp/alt9797_100358598563129246.dir/0153_myBus_gen//soc_system_myBus_component_configuration.pl  --do_build_sim=0  ]
Info: myBus: Done RTL generation for module 'soc_system_myBus'
Info: myBus: "soc_system" instantiated altera_avalon_pio "myBus"
Info: onchip_memory2_0: Starting RTL generation for module 'soc_system_onchip_memory2_0'
Info: onchip_memory2_0:   Generation command is [exec D:/intelfpga_lite/18.1/quartus/bin64/perl/bin/perl.exe -I D:/intelfpga_lite/18.1/quartus/bin64/perl/lib -I D:/intelfpga_lite/18.1/quartus/sopc_builder/bin/europa -I D:/intelfpga_lite/18.1/quartus/sopc_builder/bin/perl_lib -I D:/intelfpga_lite/18.1/quartus/sopc_builder/bin -I D:/intelfpga_lite/18.1/quartus/../ip/altera/sopc_builder_ip/common -I D:/intelfpga_lite/18.1/quartus/../ip/altera/sopc_builder_ip/altera_avalon_onchip_memory2 -- D:/intelfpga_lite/18.1/quartus/../ip/altera/sopc_builder_ip/altera_avalon_onchip_memory2/generate_rtl.pl --name=soc_system_onchip_memory2_0 --dir=C:/Users/45EB~1/AppData/Local/Temp/alt9797_100358598563129246.dir/0154_onchip_memory2_0_gen/ --quartus_dir=D:/intelfpga_lite/18.1/quartus --verilog --config=C:/Users/45EB~1/AppData/Local/Temp/alt9797_100358598563129246.dir/0154_onchip_memory2_0_gen//soc_system_onchip_memory2_0_component_configuration.pl  --do_build_sim=0  ]
Info: onchip_memory2_0: Done RTL generation for module 'soc_system_onchip_memory2_0'
Info: onchip_memory2_0: "soc_system" instantiated altera_avalon_onchip_memory2 "onchip_memory2_0"
Info: onchip_memory2_1: Starting RTL generation for module 'soc_system_onchip_memory2_1'
Info: onchip_memory2_1:   Generation command is [exec D:/intelfpga_lite/18.1/quartus/bin64/perl/bin/perl.exe -I D:/intelfpga_lite/18.1/quartus/bin64/perl/lib -I D:/intelfpga_lite/18.1/quartus/sopc_builder/bin/europa -I D:/intelfpga_lite/18.1/quartus/sopc_builder/bin/perl_lib -I D:/intelfpga_lite/18.1/quartus/sopc_builder/bin -I D:/intelfpga_lite/18.1/quartus/../ip/altera/sopc_builder_ip/common -I D:/intelfpga_lite/18.1/quartus/../ip/altera/sopc_builder_ip/altera_avalon_onchip_memory2 -- D:/intelfpga_lite/18.1/quartus/../ip/altera/sopc_builder_ip/altera_avalon_onchip_memory2/generate_rtl.pl --name=soc_system_onchip_memory2_1 --dir=C:/Users/45EB~1/AppData/Local/Temp/alt9797_100358598563129246.dir/0155_onchip_memory2_1_gen/ --quartus_dir=D:/intelfpga_lite/18.1/quartus --verilog --config=C:/Users/45EB~1/AppData/Local/Temp/alt9797_100358598563129246.dir/0155_onchip_memory2_1_gen//soc_system_onchip_memory2_1_component_configuration.pl  --do_build_sim=0  ]
Info: onchip_memory2_1: Done RTL generation for module 'soc_system_onchip_memory2_1'
Info: onchip_memory2_1: "soc_system" instantiated altera_avalon_onchip_memory2 "onchip_memory2_1"
Info: pio_led: Starting RTL generation for module 'soc_system_pio_led'
Info: pio_led:   Generation command is [exec D:/intelfpga_lite/18.1/quartus/bin64/perl/bin/perl.exe -I D:/intelfpga_lite/18.1/quartus/bin64/perl/lib -I D:/intelfpga_lite/18.1/quartus/sopc_builder/bin/europa -I D:/intelfpga_lite/18.1/quartus/sopc_builder/bin/perl_lib -I D:/intelfpga_lite/18.1/quartus/sopc_builder/bin -I D:/intelfpga_lite/18.1/quartus/../ip/altera/sopc_builder_ip/common -I D:/intelfpga_lite/18.1/quartus/../ip/altera/sopc_builder_ip/altera_avalon_pio -- D:/intelfpga_lite/18.1/quartus/../ip/altera/sopc_builder_ip/altera_avalon_pio/generate_rtl.pl --name=soc_system_pio_led --dir=C:/Users/45EB~1/AppData/Local/Temp/alt9797_100358598563129246.dir/0156_pio_led_gen/ --quartus_dir=D:/intelfpga_lite/18.1/quartus --verilog --config=C:/Users/45EB~1/AppData/Local/Temp/alt9797_100358598563129246.dir/0156_pio_led_gen//soc_system_pio_led_component_configuration.pl  --do_build_sim=0  ]
Info: pio_led: Done RTL generation for module 'soc_system_pio_led'
Info: pio_led: "soc_system" instantiated altera_avalon_pio "pio_led"
Info: pio_reg3: Starting RTL generation for module 'soc_system_pio_reg3'
Info: pio_reg3:   Generation command is [exec D:/intelfpga_lite/18.1/quartus/bin64/perl/bin/perl.exe -I D:/intelfpga_lite/18.1/quartus/bin64/perl/lib -I D:/intelfpga_lite/18.1/quartus/sopc_builder/bin/europa -I D:/intelfpga_lite/18.1/quartus/sopc_builder/bin/perl_lib -I D:/intelfpga_lite/18.1/quartus/sopc_builder/bin -I D:/intelfpga_lite/18.1/quartus/../ip/altera/sopc_builder_ip/common -I D:/intelfpga_lite/18.1/quartus/../ip/altera/sopc_builder_ip/altera_avalon_pio -- D:/intelfpga_lite/18.1/quartus/../ip/altera/sopc_builder_ip/altera_avalon_pio/generate_rtl.pl --name=soc_system_pio_reg3 --dir=C:/Users/45EB~1/AppData/Local/Temp/alt9797_100358598563129246.dir/0157_pio_reg3_gen/ --quartus_dir=D:/intelfpga_lite/18.1/quartus --verilog --config=C:/Users/45EB~1/AppData/Local/Temp/alt9797_100358598563129246.dir/0157_pio_reg3_gen//soc_system_pio_reg3_component_configuration.pl  --do_build_sim=0  ]
Info: pio_reg3: Done RTL generation for module 'soc_system_pio_reg3'
Info: pio_reg3: "soc_system" instantiated altera_avalon_pio "pio_reg3"
Info: pll_0: "soc_system" instantiated altera_pll "pll_0"
Info: sysid_qsys: "soc_system" instantiated altera_avalon_sysid_qsys "sysid_qsys"
Info: mm_interconnect_0: "soc_system" instantiated altera_mm_interconnect "mm_interconnect_0"
Info: avalon_st_adapter: Inserting error_adapter: error_adapter_0
Info: avalon_st_adapter_001: Inserting error_adapter: error_adapter_0
Info: avalon_st_adapter_002: Inserting error_adapter: error_adapter_0
Info: avalon_st_adapter_003: Inserting error_adapter: error_adapter_0
Info: avalon_st_adapter_004: Inserting error_adapter: error_adapter_0
Info: avalon_st_adapter_005: Inserting error_adapter: error_adapter_0
Info: avalon_st_adapter_006: Inserting error_adapter: error_adapter_0
Info: avalon_st_adapter_007: Inserting error_adapter: error_adapter_0
Info: avalon_st_adapter_008: Inserting error_adapter: error_adapter_0
Info: avalon_st_adapter_009: Inserting error_adapter: error_adapter_0
Info: avalon_st_adapter_010: Inserting error_adapter: error_adapter_0
Info: avalon_st_adapter_011: Inserting error_adapter: error_adapter_0
Info: avalon_st_adapter_012: Inserting error_adapter: error_adapter_0
Info: avalon_st_adapter_013: Inserting error_adapter: error_adapter_0
Info: mm_interconnect_1: "soc_system" instantiated altera_mm_interconnect "mm_interconnect_1"
Info: mm_interconnect_2: "soc_system" instantiated altera_mm_interconnect "mm_interconnect_2"
Info: irq_mapper: "soc_system" instantiated altera_irq_mapper "irq_mapper"
Info: irq_mapper_001: "soc_system" instantiated altera_irq_mapper "irq_mapper_001"
Info: rst_controller: "soc_system" instantiated altera_reset_controller "rst_controller"
Info: jtag_phy_embedded_in_jtag_master: "fpga_only_master" instantiated altera_jtag_dc_streaming "jtag_phy_embedded_in_jtag_master"
Info: Reusing file D:/dev/FPGA-Drone/my_first_hps-fpga/Soc_system_clean/soc_system/synthesis/submodules/altera_std_synchronizer_nocut.v
Info: timing_adt: "fpga_only_master" instantiated timing_adapter "timing_adt"
Info: fifo: "fpga_only_master" instantiated altera_avalon_sc_fifo "fifo"
Info: b2p: "fpga_only_master" instantiated altera_avalon_st_bytes_to_packets "b2p"
Info: p2b: "fpga_only_master" instantiated altera_avalon_st_packets_to_bytes "p2b"
Info: transacto: "fpga_only_master" instantiated altera_avalon_packets_to_master "transacto"
Info: b2p_adapter: "fpga_only_master" instantiated channel_adapter "b2p_adapter"
Info: p2b_adapter: "fpga_only_master" instantiated channel_adapter "p2b_adapter"
Info: fpga_interfaces: "hps_0" instantiated altera_interface_generator "fpga_interfaces"
Info: hps_io: "hps_0" instantiated altera_hps_io "hps_io"
Info: MemoryDMA_descriptor_read_translator: "mm_interconnect_0" instantiated altera_merlin_master_translator "MemoryDMA_descriptor_read_translator"
Info: MemoryDMA_descriptor_read_agent: "mm_interconnect_0" instantiated altera_merlin_master_agent "MemoryDMA_descriptor_read_agent"
Info: hps_0_f2h_axi_slave_agent: "mm_interconnect_0" instantiated altera_merlin_axi_slave_ni "hps_0_f2h_axi_slave_agent"
Info: Reusing file D:/dev/FPGA-Drone/my_first_hps-fpga/Soc_system_clean/soc_system/synthesis/submodules/altera_avalon_sc_fifo.v
Info: router: "mm_interconnect_0" instantiated altera_merlin_router "router"
Info: router_004: "mm_interconnect_0" instantiated altera_merlin_router "router_004"
Info: MemoryDMA_descriptor_read_limiter: "mm_interconnect_0" instantiated altera_merlin_traffic_limiter "MemoryDMA_descriptor_read_limiter"
Info: Reusing file D:/dev/FPGA-Drone/my_first_hps-fpga/Soc_system_clean/soc_system/synthesis/submodules/altera_avalon_sc_fifo.v
Info: Reusing file D:/dev/FPGA-Drone/my_first_hps-fpga/Soc_system_clean/soc_system/synthesis/submodules/altera_avalon_st_pipeline_base.v
Info: cmd_demux: "mm_interconnect_0" instantiated altera_merlin_demultiplexer "cmd_demux"
Info: cmd_demux_001: "mm_interconnect_0" instantiated altera_merlin_demultiplexer "cmd_demux_001"
Info: cmd_mux: "mm_interconnect_0" instantiated altera_merlin_multiplexer "cmd_mux"
Info: rsp_demux: "mm_interconnect_0" instantiated altera_merlin_demultiplexer "rsp_demux"
Info: rsp_mux: "mm_interconnect_0" instantiated altera_merlin_multiplexer "rsp_mux"
Info: Reusing file D:/dev/FPGA-Drone/my_first_hps-fpga/Soc_system_clean/soc_system/synthesis/submodules/altera_merlin_arbitrator.sv
Info: hps_0_f2h_axi_slave_wr_cmd_width_adapter: "mm_interconnect_0" instantiated altera_merlin_width_adapter "hps_0_f2h_axi_slave_wr_cmd_width_adapter"
Info: Reusing file D:/dev/FPGA-Drone/my_first_hps-fpga/Soc_system_clean/soc_system/synthesis/submodules/altera_merlin_address_alignment.sv
Info: Reusing file D:/dev/FPGA-Drone/my_first_hps-fpga/Soc_system_clean/soc_system/synthesis/submodules/altera_merlin_burst_uncompressor.sv
Info: onchip_memory2_0_s1_translator: "mm_interconnect_1" instantiated altera_merlin_slave_translator "onchip_memory2_0_s1_translator"
Info: hps_0_h2f_axi_master_agent: "mm_interconnect_1" instantiated altera_merlin_axi_master_ni "hps_0_h2f_axi_master_agent"
Info: Reusing file D:/dev/FPGA-Drone/my_first_hps-fpga/Soc_system_clean/soc_system/synthesis/submodules/altera_merlin_address_alignment.sv
Info: onchip_memory2_0_s1_agent: "mm_interconnect_1" instantiated altera_merlin_slave_agent "onchip_memory2_0_s1_agent"
Info: Reusing file D:/dev/FPGA-Drone/my_first_hps-fpga/Soc_system_clean/soc_system/synthesis/submodules/altera_merlin_burst_uncompressor.sv
Info: router: "mm_interconnect_1" instantiated altera_merlin_router "router"
Info: router_002: "mm_interconnect_1" instantiated altera_merlin_router "router_002"
Info: router_003: "mm_interconnect_1" instantiated altera_merlin_router "router_003"
Info: router_005: "mm_interconnect_1" instantiated altera_merlin_router "router_005"
Info: router_007: "mm_interconnect_1" instantiated altera_merlin_router "router_007"
Info: router_008: "mm_interconnect_1" instantiated altera_merlin_router "router_008"
Info: router_009: "mm_interconnect_1" instantiated altera_merlin_router "router_009"
Info: router_010: "mm_interconnect_1" instantiated altera_merlin_router "router_010"
Info: router_011: "mm_interconnect_1" instantiated altera_merlin_router "router_011"
Info: router_012: "mm_interconnect_1" instantiated altera_merlin_router "router_012"
Info: router_013: "mm_interconnect_1" instantiated altera_merlin_router "router_013"
Info: router_021: "mm_interconnect_1" instantiated altera_merlin_router "router_021"
Info: onchip_memory2_0_s1_burst_adapter: "mm_interconnect_1" instantiated altera_merlin_burst_adapter "onchip_memory2_0_s1_burst_adapter"
Info: Reusing file D:/dev/FPGA-Drone/my_first_hps-fpga/Soc_system_clean/soc_system/synthesis/submodules/altera_merlin_address_alignment.sv
Info: Reusing file D:/dev/FPGA-Drone/my_first_hps-fpga/Soc_system_clean/soc_system/synthesis/submodules/altera_avalon_st_pipeline_stage.sv
Info: Reusing file D:/dev/FPGA-Drone/my_first_hps-fpga/Soc_system_clean/soc_system/synthesis/submodules/altera_avalon_st_pipeline_base.v
Info: cmd_demux: "mm_interconnect_1" instantiated altera_merlin_demultiplexer "cmd_demux"
Info: cmd_demux_002: "mm_interconnect_1" instantiated altera_merlin_demultiplexer "cmd_demux_002"
Info: cmd_demux_004: "mm_interconnect_1" instantiated altera_merlin_demultiplexer "cmd_demux_004"
Info: cmd_demux_005: "mm_interconnect_1" instantiated altera_merlin_demultiplexer "cmd_demux_005"
Info: cmd_demux_007: "mm_interconnect_1" instantiated altera_merlin_demultiplexer "cmd_demux_007"
Info: cmd_mux: "mm_interconnect_1" instantiated altera_merlin_multiplexer "cmd_mux"
Info: Reusing file D:/dev/FPGA-Drone/my_first_hps-fpga/Soc_system_clean/soc_system/synthesis/submodules/altera_merlin_arbitrator.sv
Info: cmd_mux_001: "mm_interconnect_1" instantiated altera_merlin_multiplexer "cmd_mux_001"
Info: Reusing file D:/dev/FPGA-Drone/my_first_hps-fpga/Soc_system_clean/soc_system/synthesis/submodules/altera_merlin_arbitrator.sv
Info: cmd_mux_003: "mm_interconnect_1" instantiated altera_merlin_multiplexer "cmd_mux_003"
Info: Reusing file D:/dev/FPGA-Drone/my_first_hps-fpga/Soc_system_clean/soc_system/synthesis/submodules/altera_merlin_arbitrator.sv
Info: cmd_mux_004: "mm_interconnect_1" instantiated altera_merlin_multiplexer "cmd_mux_004"
Info: Reusing file D:/dev/FPGA-Drone/my_first_hps-fpga/Soc_system_clean/soc_system/synthesis/submodules/altera_merlin_arbitrator.sv
Info: cmd_mux_013: "mm_interconnect_1" instantiated altera_merlin_multiplexer "cmd_mux_013"
Info: Reusing file D:/dev/FPGA-Drone/my_first_hps-fpga/Soc_system_clean/soc_system/synthesis/submodules/altera_merlin_arbitrator.sv
Info: rsp_demux: "mm_interconnect_1" instantiated altera_merlin_demultiplexer "rsp_demux"
Info: rsp_demux_003: "mm_interconnect_1" instantiated altera_merlin_demultiplexer "rsp_demux_003"
Info: rsp_demux_004: "mm_interconnect_1" instantiated altera_merlin_demultiplexer "rsp_demux_004"
Info: rsp_demux_013: "mm_interconnect_1" instantiated altera_merlin_demultiplexer "rsp_demux_013"
Info: rsp_mux: "mm_interconnect_1" instantiated altera_merlin_multiplexer "rsp_mux"
Info: Reusing file D:/dev/FPGA-Drone/my_first_hps-fpga/Soc_system_clean/soc_system/synthesis/submodules/altera_merlin_arbitrator.sv
Info: rsp_mux_002: "mm_interconnect_1" instantiated altera_merlin_multiplexer "rsp_mux_002"
Info: Reusing file D:/dev/FPGA-Drone/my_first_hps-fpga/Soc_system_clean/soc_system/synthesis/submodules/altera_merlin_arbitrator.sv
Info: rsp_mux_005: "mm_interconnect_1" instantiated altera_merlin_multiplexer "rsp_mux_005"
Info: Reusing file D:/dev/FPGA-Drone/my_first_hps-fpga/Soc_system_clean/soc_system/synthesis/submodules/altera_merlin_arbitrator.sv
Info: rsp_mux_007: "mm_interconnect_1" instantiated altera_merlin_multiplexer "rsp_mux_007"
Info: Reusing file D:/dev/FPGA-Drone/my_first_hps-fpga/Soc_system_clean/soc_system/synthesis/submodules/altera_merlin_arbitrator.sv
Info: avalon_st_adapter: "mm_interconnect_1" instantiated altera_avalon_st_adapter "avalon_st_adapter"
Info: avalon_st_adapter_001: "mm_interconnect_1" instantiated altera_avalon_st_adapter "avalon_st_adapter_001"
Info: border: "hps_io" instantiated altera_interface_generator "border"
Info: error_adapter_0: "avalon_st_adapter" instantiated error_adapter "error_adapter_0"
Info: error_adapter_0: "avalon_st_adapter_001" instantiated error_adapter "error_adapter_0"
Info: soc_system: Done "soc_system" with 82 modules, 156 files
Info: qsys-generate succeeded.
Info: Finished: Create HDL design files for synthesis
